        at org.springframework.beans.factory.support.DefaultListableBeanFactory.resolveNamedBean(DefaultListableBeanFactory.java:1012)
        at org.springframework.beans.factory.support.DefaultListableBeanFactory.getBean(DefaultListableBeanFactory.java:338)
        at org.springframework.beans.factory.support.DefaultListableBeanFactory.getBean(DefaultListableBeanFactory.java:333)
        at org.springframework.context.support.AbstractApplicationContext.getBean(AbstractApplicationContext.java:1107)
        at com.smy.gts.client.SecKeyPullService.getSecKeyPullServiceInstance(SecKeyPullService.java:235)
        at com.smy.gts.client.EncryptInterceptor.loopExprTableSource(EncryptInterceptor.java:172)
        at com.smy.pcs.mybatisplus.bss.crypto.EncryptParameterInterceptor.setParameters(EncryptParameterInterceptor.java:357)
        at com.smy.pcs.mybatisplus.bss.crypto.EncryptParameterInterceptor.intercept(EncryptParameterInterceptor.java:95)
        at org.apache.ibatis.plugin.Plugin.invoke(Plugin.java:61)
        at com.sun.proxy.$Proxy139.setParameters(Unknown Source)
        at org.apache.ibatis.executor.statement.PreparedStatementHandler.parameterize(PreparedStatementHandler.java:93)
        at org.apache.ibatis.executor.statement.RoutingStatementHandler.parameterize(RoutingStatementHandler.java:64)
        at sun.reflect.GeneratedMethodAccessor330.invoke(Unknown Source)
        at sun.reflect.DelegatingMethodAccessorImpl.invoke(DelegatingMethodAccessorImpl.java:43)
        at java.lang.reflect.Method.invoke(Method.java:498)
        at org.apache.ibatis.plugin.Plugin.invoke(Plugin.java:63)
        at com.sun.proxy.$Proxy141.parameterize(Unknown Source)
        at sun.reflect.GeneratedMethodAccessor330.invoke(Unknown Source)
        at sun.reflect.DelegatingMethodAccessorImpl.invoke(DelegatingMethodAccessorImpl.java:43)
        at java.lang.reflect.Method.invoke(Method.java:498)
        at org.apache.ibatis.plugin.Plugin.invoke(Plugin.java:63)
        at com.sun.proxy.$Proxy141.parameterize(Unknown Source)
        at sun.reflect.GeneratedMethodAccessor330.invoke(Unknown Source)
        at sun.reflect.DelegatingMethodAccessorImpl.invoke(DelegatingMethodAccessorImpl.java:43)
        at java.lang.reflect.Method.invoke(Method.java:498)
        at org.apache.ibatis.plugin.Plugin.invoke(Plugin.java:63)
        at com.sun.proxy.$Proxy141.parameterize(Unknown Source)
        at org.apache.ibatis.executor.SimpleExecutor.prepareStatement(SimpleExecutor.java:86)
        at org.apache.ibatis.executor.SimpleExecutor.doUpdate(SimpleExecutor.java:49)
        at org.apache.ibatis.executor.BaseExecutor.update(BaseExecutor.java:117)
        at org.apache.ibatis.executor.CachingExecutor.update(CachingExecutor.java:76)
        at sun.reflect.GeneratedMethodAccessor335.invoke(Unknown Source)
        at sun.reflect.DelegatingMethodAccessorImpl.invoke(DelegatingMethodAccessorImpl.java:43)
        at java.lang.reflect.Method.invoke(Method.java:498)
        at org.apache.ibatis.plugin.Plugin.invoke(Plugin.java:63)
        at com.sun.proxy.$Proxy138.update(Unknown Source)
        at sun.reflect.GeneratedMethodAccessor335.invoke(Unknown Source)
        at sun.reflect.DelegatingMethodAccessorImpl.invoke(DelegatingMethodAccessorImpl.java:43)
        at java.lang.reflect.Method.invoke(Method.java:498)
        at org.apache.ibatis.plugin.Invocation.proceed(Invocation.java:49)
        at com.baomidou.mybatisplus.plugins.OptimisticLockerInterceptor.intercept(OptimisticLockerInterceptor.java:71)
        at org.apache.ibatis.plugin.Plugin.invoke(Plugin.java:61)
        at com.sun.proxy.$Proxy138.update(Unknown Source)
        at org.apache.ibatis.session.defaults.DefaultSqlSession.update(DefaultSqlSession.java:198)
        ... 25 common frames omitted



        at org.apache.ibatis.executor.CachingExecutor.update(CachingExecutor.java:76)
        at sun.reflect.GeneratedMethodAccessor335.invoke(Unknown Source)
        at sun.reflect.DelegatingMethodAccessorImpl.invoke(DelegatingMethodAccessorImpl.java:43)
        at java.lang.reflect.Method.invoke(Method.java:498)
        at org.apache.ibatis.plugin.Plugin.invoke(Plugin.java:63)
        at com.sun.proxy.$Proxy138.update(Unknown Source)
        at sun.reflect.GeneratedMethodAccessor335.invoke(Unknown Source)
        at sun.reflect.DelegatingMethodAccessorImpl.invoke(DelegatingMethodAccessorImpl.java:43)
        at java.lang.reflect.Method.invoke(Method.java:498)
        at org.apache.ibatis.plugin.Invocation.proceed(Invocation.java:49)
        at com.baomidou.mybatisplus.plugins.OptimisticLockerInterceptor.intercept(OptimisticLockerInterceptor.java:71)
        at org.apache.ibatis.plugin.Plugin.invoke(Plugin.java:61)
        at com.sun.proxy.$Proxy138.update(Unknown Source)
        at org.apache.ibatis.session.defaults.DefaultSqlSession.update(DefaultSqlSession.java:198)
        at org.apache.ibatis.session.defaults.DefaultSqlSession.insert(DefaultSqlSession.java:185)
        at sun.reflect.GeneratedMethodAccessor389.invoke(Unknown Source)
        at sun.reflect.DelegatingMethodAccessorImpl.invoke(DelegatingMethodAccessorImpl.java:43)
        at java.lang.reflect.Method.invoke(Method.java:498)
        at org.mybatis.spring.SqlSessionTemplate$SqlSessionInterceptor.invoke(SqlSessionTemplate.java:433)
        at com.sun.proxy.$Proxy36.insert(Unknown Source)
        at org.mybatis.spring.SqlSessionTemplate.insert(SqlSessionTemplate.java:278)
        at org.apache.ibatis.binding.MapperMethod.execute(MapperMethod.java:58)
        at org.apache.ibatis.binding.MapperProxy.invoke(MapperProxy.java:59)
        at com.sun.proxy.$Proxy50.insert(Unknown Source)
        at com.smy.pcs.service.impl.ChannelLogServiceImpl.insert(ChannelLogServiceImpl.java:25)
        at com.smy.pcs.service.impl.ChannelLogServiceImpl$$FastClassBySpringCGLIB$$e8b313a9.invoke(<generated>)
        at org.springframework.cglib.proxy.MethodProxy.invoke(MethodProxy.java:204)
        at org.springframework.aop.framework.CglibAopProxy$CglibMethodInvocation.invokeJoinpoint(CglibAopProxy.java:746)
        at org.springframework.aop.framework.ReflectiveMethodInvocation.proceed(ReflectiveMethodInvocation.java:163)
        at com.smy.framework.core.interceptor.ServiceInterceptor.invoke(ServiceInterceptor.java:64)
        at org.springframework.aop.framework.ReflectiveMethodInvocation.proceed(ReflectiveMethodInvocation.java:185)
        at org.springframework.aop.interceptor.ExposeInvocationInterceptor.invoke(ExposeInvocationInterceptor.java:92)
        at org.springframework.aop.framework.ReflectiveMethodInvocation.proceed(ReflectiveMethodInvocation.java:185)
        at org.springframework.aop.framework.CglibAopProxy$DynamicAdvisedInterceptor.intercept(CglibAopProxy.java:688)
        at com.smy.pcs.service.impl.ChannelLogServiceImpl$$EnhancerBySpringCGLIB$$4e8cdea6.insert(<generated>)
        at com.smy.pcs.aop.ChannelClientInterceptor$1.run(ChannelClientInterceptor.java:135)
        at java.util.concurrent.ThreadPoolExecutor.runWorker(ThreadPoolExecutor.java:1149)
        at java.util.concurrent.ThreadPoolExecutor$Worker.run(ThreadPoolExecutor.java:624)
        at java.lang.Thread.run(Thread.java:748)