2021-02-22 17:47:13.557|DEBUG|jobHandler106454erbpTJWzTe||||||com.smy.pcs.dao.CardValidateResultMapper.selectList.debug():159 - ==>  Preparing: SELECT cert_id AS certId, merchant_id AS merchantId, cust_no AS custNo, cust_name AS cust
Name, id_type AS idType , id_no AS idNo, bank_card_type AS bankCardType, bank_card_no AS bankCardNo, cvv, expiry_date AS expiryDate , mobile_no AS mobileNo, bank_code AS bankCode, bank_name AS bankName, valid_type AS validType, remar
k , channel_id AS channelId, channel_name AS channelName, channel_merchant_id AS channelMerchantId, channel_req_seqno AS channelReqSeqno, channel_bank_code AS channelBankCode , channel_token AS channelToken, agreement, channel_standb
y1 AS channelStandby1, channel_standby2 AS channelStandby2, channel_standby3 AS channelStandby3 , channel_standby4 AS channelStandby4, return_code AS returnCode, return_msg AS returnMsg, standard_code AS standardCode, standard_msg AS
 standardMsg , sms_status AS smsStatus, verify_status AS verifyStatus, valid_method AS validMethod, version, create_datetime AS createDatetime , update_datetime AS updateDatetime, mch_req_id AS mchReqId FROM t_card_validate_result WH
ERE cert_id > ? AND (merchant_id <> ? OR channel_id <> ? OR channel_merchant_id <> ?) AND (bank_card_type = ? AND sms_status = ? AND valid_method = ? AND verify_status = ?) ORDER BY cert_id ASC LIMIT 1000
2021-02-22 17:47:13.559|DEBUG|jobHandler106454erbpTJWzTe||||||com.smy.pcs.dao.CardValidateResultMapper.selectList.debug():159 - ==> Parameters: C011509120000433001(String), SMYS(String), BFBQUICK(String), 1002933811(String), 1(Intege
r), 04(String), 02(String), 01(String)
2021-02-22 17:47:14.265|DEBUG|jobHandler106454erbpTJWzTe||||||com.smy.pcs.dao.CardValidateResultMapper.selectList.debug():159 - <==      Total: 894



05环境-6379:0>info
"# Server
redis_version:3.2.10
redis_git_sha1:00000000
redis_git_dirty:0
redis_build_id:57f4f0ebfac581ac
redis_mode:standalone
os:Linux 3.10.0-1062.18.1.el7.x86_64 x86_64
arch_bits:64
multiplexing_api:epoll
gcc_version:4.8.5
process_id:238736
run_id:0cbfd54da109733387ce9571170cc0a547769ebe
tcp_port:6379
uptime_in_seconds:7433088
uptime_in_days:86
hz:10
lru_clock:7324424
executable:/data/6379/bin/redis-server
config_file:/data/6379/redis.conf

# Clients
connected_clients:38
client_longest_output_list:0
client_biggest_input_buf:0
blocked_clients:0

# Memory
used_memory:161403856
used_memory_human:153.93M
used_memory_rss:136900608
used_memory_rss_human:130.56M
used_memory_peak:169682936
used_memory_peak_human:161.82M
total_system_memory:50475327488
total_system_memory_human:47.01G
used_memory_lua:71680
used_memory_lua_human:70.00K
maxmemory:0
maxmemory_human:0B
maxmemory_policy:noeviction
mem_fragmentation_ratio:0.85
mem_allocator:jemalloc-4.0.3

# Persistence
loading:0
rdb_changes_since_last_save:253
rdb_bgsave_in_progress:0
rdb_last_save_time:1617937060
rdb_last_bgsave_status:ok
rdb_last_bgsave_time_sec:3
rdb_current_bgsave_time_sec:-1
aof_enabled:0
aof_rewrite_in_progress:0
aof_rewrite_scheduled:0
aof_last_rewrite_time_sec:-1
aof_current_rewrite_time_sec:-1
aof_last_bgrewrite_status:ok
aof_last_write_status:ok

# Stats
total_connections_received:214892
total_commands_processed:74899607
instantaneous_ops_per_sec:7
total_net_input_bytes:25156532956
total_net_output_bytes:41200212439
instantaneous_input_kbps:0.58
instantaneous_output_kbps:1.65
rejected_connections:0
sync_full:12915
sync_partial_ok:0
sync_partial_err:0
expired_keys:197668
evicted_keys:0
keyspace_hits:2928847
keyspace_misses:3770169
pubsub_channels:1
pubsub_patterns:0
latest_fork_usec:1187118
migrate_cached_sockets:0

# Replication
role:slave
master_host:192.168.26.74
master_port:6378
master_link_status:up
master_last_io_seconds_ago:0
master_sync_in_progress:0
slave_repl_offset:22753678109
slave_priority:100
slave_read_only:0
connected_slaves:0
master_repl_offset:20127409
repl_backlog_active:0
repl_backlog_size:1048576
repl_backlog_first_byte_offset:19078834
repl_backlog_histlen:1048576

# CPU
used_cpu_sys:20630.24
used_cpu_user:5419.44
used_cpu_sys_children:7627.85
used_cpu_user_children:45195.63

# Cluster
cluster_enabled:0

# Keyspace
db0:keys=529268,expires=1326,avg_ttl=161223864